<?xml version="1.0" encoding="UTF-8"?>
<!-- Generated by org.testng.reporters.JUnitReportReporter -->
<testsuite hostname="Mohameds-MacBook-Pro.local" failures="0" tests="24" name="RegressionTest.DataProviderWithExcel_modifyUser" time="66.839" errors="0" timestamp="7 Mar 2019 09:07:42 GMT">
  <testcase classname="RegressionTest.DataProviderWithExcel_modifyUser" name="A001_loginAdmin" time="3.647"/>
  <testcase classname="RegressionTest.DataProviderWithExcel_modifyUser" name="A002_ChangeRoleforUser" time="0.000"/>
  <testcase classname="RegressionTest.DataProviderWithExcel_modifyUser" name="A002_ChangeRoleforUser" time="0.000"/>
  <testcase classname="RegressionTest.DataProviderWithExcel_modifyUser" name="B001_loginUser" time="7.515"/>
  <testcase classname="RegressionTest.DataProviderWithExcel_modifyUser" name="A002_ChangeRoleforUser" time="0.000"/>
  <testcase classname="RegressionTest.DataProviderWithExcel_modifyUser" name="A002_ChangeRoleforUser" time="0.000"/>
  <testcase classname="RegressionTest.DataProviderWithExcel_modifyUser" name="A100_adminlogout" time="1.504"/>
  <testcase classname="RegressionTest.DataProviderWithExcel_modifyUser" name="B001_loginUser" time="2.667"/>
  <testcase classname="RegressionTest.DataProviderWithExcel_modifyUser" name="B001_loginUser" time="7.687"/>
  <testcase classname="RegressionTest.DataProviderWithExcel_modifyUser" name="A001_loginAdmin" time="3.665"/>
  <testcase classname="RegressionTest.DataProviderWithExcel_modifyUser" name="B001_loginUser" time="2.727"/>
  <testcase classname="RegressionTest.DataProviderWithExcel_modifyUser" name="A002_ChangeRoleforUser" time="0.001"/>
  <testcase classname="RegressionTest.DataProviderWithExcel_modifyUser" name="A002_ChangeRoleforUser" time="0.000"/>
  <testcase classname="RegressionTest.DataProviderWithExcel_modifyUser" name="A002_ChangeRoleforUser" time="0.000"/>
  <testcase classname="RegressionTest.DataProviderWithExcel_modifyUser" name="A100_adminlogout" time="1.480"/>
  <testcase classname="RegressionTest.DataProviderWithExcel_modifyUser" name="A002_ChangeRoleforUser" time="0.000"/>
  <testcase classname="RegressionTest.DataProviderWithExcel_modifyUser" name="B001_loginUser" time="7.570"/>
  <testcase classname="RegressionTest.DataProviderWithExcel_modifyUser" name="B001_loginUser" time="2.697"/>
  <testcase classname="RegressionTest.DataProviderWithExcel_modifyUser" name="A002_ChangeRoleforUser" time="0.000"/>
  <testcase classname="RegressionTest.DataProviderWithExcel_modifyUser" name="B001_loginUser" time="7.681"/>
  <testcase classname="RegressionTest.DataProviderWithExcel_modifyUser" name="B001_loginUser" time="8.110"/>
  <testcase classname="RegressionTest.DataProviderWithExcel_modifyUser" name="B001_loginUser" time="2.746"/>
  <testcase classname="RegressionTest.DataProviderWithExcel_modifyUser" name="B001_loginUser" time="7.142"/>
  <testcase classname="RegressionTest.DataProviderWithExcel_modifyUser" name="A002_ChangeRoleforUser" time="0.000"/>
</testsuite> <!-- RegressionTest.DataProviderWithExcel_modifyUser -->
