<?xml version="1.0" encoding="UTF-8"?>
<!-- Generated by org.testng.reporters.JUnitReportReporter -->
<testsuite hostname="Mohameds-MacBook-Pro.local" failures="0" tests="3" name="sample1" time="10.611" errors="0" timestamp="13 Mar 2019 15:31:55 GMT">
  <testcase classname="sample1" name="A002_addUser" time="4.630"/>
  <testcase classname="sample1" name="A003_logoutAdmin" time="1.795"/>
  <testcase classname="sample1" name="A001_loginAdmin" time="4.186"/>
</testsuite> <!-- sample1 -->
