<?xml version="1.0" encoding="UTF-8"?>
<!-- Generated by org.testng.reporters.JUnitReportReporter -->
<testsuite hostname="Mohameds-MacBook-Pro.local" failures="0" tests="22" name="RegressionTest.DataProviderWithExcel_addUser" time="78.653" errors="0" timestamp="7 Mar 2019 09:07:42 GMT">
  <testcase classname="RegressionTest.DataProviderWithExcel_addUser" name="A002_adduser" time="3.333"/>
  <testcase classname="RegressionTest.DataProviderWithExcel_addUser" name="A002_adduser" time="8.699"/>
  <testcase classname="RegressionTest.DataProviderWithExcel_addUser" name="A002_adduser" time="3.379"/>
  <testcase classname="RegressionTest.DataProviderWithExcel_addUser" name="A002_adduser" time="3.295"/>
  <testcase classname="RegressionTest.DataProviderWithExcel_addUser" name="A002_adduser" time="3.271"/>
  <testcase classname="RegressionTest.DataProviderWithExcel_addUser" name="A002_adduser" time="3.387"/>
  <testcase classname="RegressionTest.DataProviderWithExcel_addUser" name="A001_loginAdmin" time="3.776"/>
  <testcase classname="RegressionTest.DataProviderWithExcel_addUser" name="A002_adduser" time="3.473"/>
  <testcase classname="RegressionTest.DataProviderWithExcel_addUser" name="Z1000_logout" time="1.433"/>
  <testcase classname="RegressionTest.DataProviderWithExcel_addUser" name="A002_adduser" time="3.427"/>
  <testcase classname="RegressionTest.DataProviderWithExcel_addUser" name="A002_adduser" time="3.018"/>
  <testcase classname="RegressionTest.DataProviderWithExcel_addUser" name="A002_adduser" time="3.179"/>
  <testcase classname="RegressionTest.DataProviderWithExcel_addUser" name="Z1000_logout" time="1.443"/>
  <testcase classname="RegressionTest.DataProviderWithExcel_addUser" name="A002_adduser" time="3.404"/>
  <testcase classname="RegressionTest.DataProviderWithExcel_addUser" name="A002_adduser" time="3.339"/>
  <testcase classname="RegressionTest.DataProviderWithExcel_addUser" name="A002_adduser" time="3.363"/>
  <testcase classname="RegressionTest.DataProviderWithExcel_addUser" name="A002_adduser" time="4.746"/>
  <testcase classname="RegressionTest.DataProviderWithExcel_addUser" name="A002_adduser" time="4.247"/>
  <testcase classname="RegressionTest.DataProviderWithExcel_addUser" name="A002_adduser" time="3.197"/>
  <testcase classname="RegressionTest.DataProviderWithExcel_addUser" name="A002_adduser" time="3.193"/>
  <testcase classname="RegressionTest.DataProviderWithExcel_addUser" name="A002_adduser" time="4.357"/>
  <testcase classname="RegressionTest.DataProviderWithExcel_addUser" name="A001_loginAdmin" time="3.694"/>
</testsuite> <!-- RegressionTest.DataProviderWithExcel_addUser -->
