<?xml version="1.0" encoding="UTF-8"?>
<!-- Generated by org.testng.reporters.JUnitReportReporter -->
<testsuite hostname="Mohameds-MacBook-Pro.local" failures="0" tests="10" name="RegressionTest.DataProviderwithExcel_deleteUser" time="47.383" errors="0" timestamp="7 Mar 2019 09:07:42 GMT">
  <testcase classname="RegressionTest.DataProviderwithExcel_deleteUser" name="A001_loginAdmin" time="3.677"/>
  <testcase classname="RegressionTest.DataProviderwithExcel_deleteUser" name="Z1000_logoutAdmin" time="1.416"/>
  <testcase classname="RegressionTest.DataProviderwithExcel_deleteUser" name="B_0001_SearchUser" time="3.685"/>
  <testcase classname="RegressionTest.DataProviderwithExcel_deleteUser" name="Z1000_logoutAdmin" time="1.475"/>
  <testcase classname="RegressionTest.DataProviderwithExcel_deleteUser" name="B_0001_SearchUser" time="10.581"/>
  <testcase classname="RegressionTest.DataProviderwithExcel_deleteUser" name="A001_loginAdmin" time="3.949"/>
  <testcase classname="RegressionTest.DataProviderwithExcel_deleteUser" name="B_0001_SearchUser" time="6.079"/>
  <testcase classname="RegressionTest.DataProviderwithExcel_deleteUser" name="B_0001_SearchUser" time="4.896"/>
  <testcase classname="RegressionTest.DataProviderwithExcel_deleteUser" name="B_0001_SearchUser" time="5.413"/>
  <testcase classname="RegressionTest.DataProviderwithExcel_deleteUser" name="B_0001_SearchUser" time="6.212"/>
</testsuite> <!-- RegressionTest.DataProviderwithExcel_deleteUser -->
